<?xml version="1.0" encoding="UTF-8"?>
<!-- Generated by org.testng.reporters.JUnitXMLReporter -->
<testsuite hostname="DESKTOP-N50QFSP" name="Test1" tests="1" failures="1" timestamp="4 Feb 2021 17:18:11 GMT" time="31.301" errors="0">
  <testcase name="supplierCreation" time="1.785" classname="driverFactory.DataDriven">
    <failure type="java.lang.NoSuchMethodError" message="org.apache.poi.ss.usermodel.Cell.getCellType()Lorg/apache/poi/ss/usermodel/CellType;">
      <![CDATA[java.lang.NoSuchMethodError: org.apache.poi.ss.usermodel.Cell.getCellType()Lorg/apache/poi/ss/usermodel/CellType;
	at utilities.ExcelFileUtil.getCellData(ExcelFileUtil.java:37)
	at driverFactory.DataDriven.supplierCreation(DataDriven.java:36)
... Removed 23 stack frames]]>
    </failure>
  </testcase> <!-- supplierCreation -->
</testsuite> <!-- Test1 -->
