<?xml version="1.0" encoding="UTF-8"?>
<!-- Generated by org.testng.reporters.JUnitXMLReporter -->
<testsuite hostname="DESKTOP-N50QFSP" name="Test2" tests="1" failures="1" timestamp="4 Feb 2021 17:18:11 GMT" time="0.282" errors="0">
  <testcase name="ERP_Account" time="0.282" classname="driverFactory.DriverScript">
    <failure type="java.lang.NoSuchMethodError" message="org.apache.poi.ss.usermodel.Cell.getCellType()Lorg/apache/poi/ss/usermodel/CellType;">
      <![CDATA[java.lang.NoSuchMethodError: org.apache.poi.ss.usermodel.Cell.getCellType()Lorg/apache/poi/ss/usermodel/CellType;
	at utilities.ExcelFileUtil.getCellData(ExcelFileUtil.java:37)
	at driverFactory.DriverScript.ERP_Account(DriverScript.java:26)
... Removed 23 stack frames]]>
    </failure>
  </testcase> <!-- ERP_Account -->
</testsuite> <!-- Test2 -->
